[2023-03-18 09:42:19] codecanyon.ERROR: Failed to authenticate on SMTP server with username "myemail@gmail.com" using the following authenticators: "LOGIN", "PLAIN", "XOAUTH2". Authenticator "LOGIN" returned "Expected response code "235" but got code "535", with message "535-5.7.8 Username and Password not accepted. Learn more at
535 5.7.8  https://support.google.com/mail/?p=BadCredentials k6-20020a1709063e0600b00930aa50372csm1983568eji.43 - gsmtp".". Authenticator "PLAIN" returned "Expected response code "235" but got code "535", with message "535-5.7.8 Username and Password not accepted. Learn more at
535 5.7.8  https://support.google.com/mail/?p=BadCredentials k6-20020a1709063e0600b00930aa50372csm1983568eji.43 - gsmtp".". Authenticator "XOAUTH2" returned "Expected response code "235" but got code "334", with message "334 eyJzdGF0dXMiOiI0MDAiLCJzY2hlbWVzIjoiQmVhcmVyIiwic2NvcGUiOiJodHRwczovL21haWwuZ29vZ2xlLmNvbS8ifQ==".". {"exception":"[object] (Symfony\\Component\\Mailer\\Exception\\TransportException(code: 0): Failed to authenticate on SMTP server with username \"myemail@gmail.com\" using the following authenticators: \"LOGIN\", \"PLAIN\", \"XOAUTH2\". Authenticator \"LOGIN\" returned \"Expected response code \"235\" but got code \"535\", with message \"535-5.7.8 Username and Password not accepted. Learn more at

535 5.7.8  https://support.google.com/mail/?p=BadCredentials k6-20020a1709063e0600b00930aa50372csm1983568eji.43 - gsmtp\".\". Authenticator \"PLAIN\" returned \"Expected response code \"235\" but got code \"535\", with message \"535-5.7.8 Username and Password not accepted. Learn more at

535 5.7.8  https://support.google.com/mail/?p=BadCredentials k6-20020a1709063e0600b00930aa50372csm1983568eji.43 - gsmtp\".\". Authenticator \"XOAUTH2\" returned \"Expected response code \"235\" but got code \"334\", with message \"334 eyJzdGF0dXMiOiI0MDAiLCJzY2hlbWVzIjoiQmVhcmVyIiwic2NvcGUiOiJodHRwczovL21haWwuZ29vZ2xlLmNvbS8ifQ==\".\". at /home/u793119200/domains/cakekrate.com/public_html/crowtech/vendor/symfony/mailer/Transport/Smtp/EsmtpTransport.php:198)
[stacktrace]
#0 /home/u793119200/domains/cakekrate.com/public_html/crowtech/vendor/symfony/mailer/Transport/Smtp/EsmtpTransport.php(123): Symfony\\Component\\Mailer\\Transport\\Smtp\\EsmtpTransport->handleAuth()
#1 /home/u793119200/domains/cakekrate.com/public_html/crowtech/vendor/symfony/mailer/Transport/Smtp/SmtpTransport.php(253): Symfony\\Component\\Mailer\\Transport\\Smtp\\EsmtpTransport->doHeloCommand()
#2 /home/u793119200/domains/cakekrate.com/public_html/crowtech/vendor/symfony/mailer/Transport/Smtp/SmtpTransport.php(194): Symfony\\Component\\Mailer\\Transport\\Smtp\\SmtpTransport->start()
#3 /home/u793119200/domains/cakekrate.com/public_html/crowtech/vendor/symfony/mailer/Transport/AbstractTransport.php(69): Symfony\\Component\\Mailer\\Transport\\Smtp\\SmtpTransport->doSend()
#4 /home/u793119200/domains/cakekrate.com/public_html/crowtech/vendor/symfony/mailer/Transport/Smtp/SmtpTransport.php(136): Symfony\\Component\\Mailer\\Transport\\AbstractTransport->send()
#5 /home/u793119200/domains/cakekrate.com/public_html/crowtech/vendor/laravel/framework/src/Illuminate/Mail/Mailer.php(523): Symfony\\Component\\Mailer\\Transport\\Smtp\\SmtpTransport->send()
#6 /home/u793119200/domains/cakekrate.com/public_html/crowtech/vendor/laravel/framework/src/Illuminate/Mail/Mailer.php(287): Illuminate\\Mail\\Mailer->sendSymfonyMessage()
#7 /home/u793119200/domains/cakekrate.com/public_html/crowtech/vendor/laravel/framework/src/Illuminate/Notifications/Channels/MailChannel.php(67): Illuminate\\Mail\\Mailer->send()
#8 /home/u793119200/domains/cakekrate.com/public_html/crowtech/vendor/laravel/framework/src/Illuminate/Notifications/NotificationSender.php(148): Illuminate\\Notifications\\Channels\\MailChannel->send()
#9 /home/u793119200/domains/cakekrate.com/public_html/crowtech/vendor/laravel/framework/src/Illuminate/Notifications/NotificationSender.php(106): Illuminate\\Notifications\\NotificationSender->sendToNotifiable()
#10 /home/u793119200/domains/cakekrate.com/public_html/crowtech/vendor/laravel/framework/src/Illuminate/Support/Traits/Localizable.php(19): Illuminate\\Notifications\\NotificationSender->Illuminate\\Notifications\\{closure}()
#11 /home/u793119200/domains/cakekrate.com/public_html/crowtech/vendor/laravel/framework/src/Illuminate/Notifications/NotificationSender.php(109): Illuminate\\Notifications\\NotificationSender->withLocale()
#12 /home/u793119200/domains/cakekrate.com/public_html/crowtech/vendor/laravel/framework/src/Illuminate/Notifications/NotificationSender.php(79): Illuminate\\Notifications\\NotificationSender->sendNow()
#13 /home/u793119200/domains/cakekrate.com/public_html/crowtech/vendor/laravel/framework/src/Illuminate/Notifications/ChannelManager.php(39): Illuminate\\Notifications\\NotificationSender->send()
#14 /home/u793119200/domains/cakekrate.com/public_html/crowtech/vendor/laravel/framework/src/Illuminate/Notifications/RoutesNotifications.php(18): Illuminate\\Notifications\\ChannelManager->send()
#15 /home/u793119200/domains/cakekrate.com/public_html/crowtech/vendor/laravel/framework/src/Illuminate/Auth/Passwords/CanResetPassword.php(27): App\\Models\\UserAuth->notify()
#16 /home/u793119200/domains/cakekrate.com/public_html/crowtech/vendor/laravel/framework/src/Illuminate/Auth/Passwords/PasswordBroker.php(71): App\\Models\\UserAuth->sendPasswordResetNotification()
#17 /home/u793119200/domains/cakekrate.com/public_html/crowtech/vendor/laravel/fortify/src/Http/Controllers/PasswordResetLinkController.php(42): Illuminate\\Auth\\Passwords\\PasswordBroker->sendResetLink()
#18 /home/u793119200/domains/cakekrate.com/public_html/crowtech/vendor/laravel/framework/src/Illuminate/Routing/Controller.php(54): Laravel\\Fortify\\Http\\Controllers\\PasswordResetLinkController->store()
#19 /home/u793119200/domains/cakekrate.com/public_html/crowtech/vendor/laravel/framework/src/Illuminate/Routing/ControllerDispatcher.php(43): Illuminate\\Routing\\Controller->callAction()
#20 /home/u793119200/domains/cakekrate.com/public_html/crowtech/vendor/laravel/framework/src/Illuminate/Routing/Route.php(260): Illuminate\\Routing\\ControllerDispatcher->dispatch()
#21 /home/u793119200/domains/cakekrate.com/public_html/crowtech/vendor/laravel/framework/src/Illuminate/Routing/Route.php(205): Illuminate\\Routing\\Route->runController()
#22 /home/u793119200/domains/cakekrate.com/public_html/crowtech/vendor/laravel/framework/src/Illuminate/Routing/Router.php(798): Illuminate\\Routing\\Route->run()
#23 /home/u793119200/domains/cakekrate.com/public_html/crowtech/vendor/laravel/framework/src/Illuminate/Pipeline/Pipeline.php(141): Illuminate\\Routing\\Router->Illuminate\\Routing\\{closure}()
#24 /home/u793119200/domains/cakekrate.com/public_html/crowtech/app/Http/Middleware/RedirectIfAuthenticated.php(38): Illuminate\\Pipeline\\Pipeline->Illuminate\\Pipeline\\{closure}()
#25 /home/u793119200/domains/cakekrate.com/public_html/crowtech/vendor/laravel/framework/src/Illuminate/Pipeline/Pipeline.php(180): App\\Http\\Middleware\\RedirectIfAuthenticated->handle()
#26 /home/u793119200/domains/cakekrate.com/public_html/crowtech/vendor/laravel/framework/src/Illuminate/Routing/Middleware/SubstituteBindings.php(50): Illuminate\\Pipeline\\Pipeline->Illuminate\\Pipeline\\{closure}()
#27 /home/u793119200/domains/cakekrate.com/public_html/crowtech/vendor/laravel/framework/src/Illuminate/Pipeline/Pipeline.php(180): Illuminate\\Routing\\Middleware\\SubstituteBindings->handle()
#28 /home/u793119200/domains/cakekrate.com/public_html/crowtech/vendor/laravel/framework/src/Illuminate/Foundation/Http/Middleware/VerifyCsrfToken.php(78): Illuminate\\Pipeline\\Pipeline->Illuminate\\Pipeline\\{closure}()
#29 /home/u793119200/domains/cakekrate.com/public_html/crowtech/vendor/laravel/framework/src/Illuminate/Pipeline/Pipeline.php(180): Illuminate\\Foundation\\Http\\Middleware\\VerifyCsrfToken->handle()
#30 /home/u793119200/domains/cakekrate.com/public_html/crowtech/vendor/laravel/framework/src/Illuminate/View/Middleware/ShareErrorsFromSession.php(49): Illuminate\\Pipeline\\Pipeline->Illuminate\\Pipeline\\{closure}()
#31 /home/u793119200/domains/cakekrate.com/public_html/crowtech/vendor/laravel/framework/src/Illuminate/Pipeline/Pipeline.php(180): Illuminate\\View\\Middleware\\ShareErrorsFromSession->handle()
#32 /home/u793119200/domains/cakekrate.com/public_html/crowtech/vendor/laravel/framework/src/Illuminate/Session/Middleware/StartSession.php(121): Illuminate\\Pipeline\\Pipeline->Illuminate\\Pipeline\\{closure}()
#33 /home/u793119200/domains/cakekrate.com/public_html/crowtech/vendor/laravel/framework/src/Illuminate/Session/Middleware/StartSession.php(64): Illuminate\\Session\\Middleware\\StartSession->handleStatefulRequest()
#34 /home/u793119200/domains/cakekrate.com/public_html/crowtech/vendor/laravel/framework/src/Illuminate/Pipeline/Pipeline.php(180): Illuminate\\Session\\Middleware\\StartSession->handle()
#35 /home/u793119200/domains/cakekrate.com/public_html/crowtech/vendor/laravel/framework/src/Illuminate/Cookie/Middleware/AddQueuedCookiesToResponse.php(37): Illuminate\\Pipeline\\Pipeline->Illuminate\\Pipeline\\{closure}()
#36 /home/u793119200/domains/cakekrate.com/public_html/crowtech/vendor/laravel/framework/src/Illuminate/Pipeline/Pipeline.php(180): Illuminate\\Cookie\\Middleware\\AddQueuedCookiesToResponse->handle()
#37 /home/u793119200/domains/cakekrate.com/public_html/crowtech/vendor/laravel/framework/src/Illuminate/Cookie/Middleware/EncryptCookies.php(67): Illuminate\\Pipeline\\Pipeline->Illuminate\\Pipeline\\{closure}()
#38 /home/u793119200/domains/cakekrate.com/public_html/crowtech/vendor/laravel/framework/src/Illuminate/Pipeline/Pipeline.php(180): Illuminate\\Cookie\\Middleware\\EncryptCookies->handle()
#39 /home/u793119200/domains/cakekrate.com/public_html/crowtech/vendor/laravel/framework/src/Illuminate/Pipeline/Pipeline.php(116): Illuminate\\Pipeline\\Pipeline->Illuminate\\Pipeline\\{closure}()
#40 /home/u793119200/domains/cakekrate.com/public_html/crowtech/vendor/laravel/framework/src/Illuminate/Routing/Router.php(799): Illuminate\\Pipeline\\Pipeline->then()
#41 /home/u793119200/domains/cakekrate.com/public_html/crowtech/vendor/laravel/framework/src/Illuminate/Routing/Router.php(776): Illuminate\\Routing\\Router->runRouteWithinStack()
#42 /home/u793119200/domains/cakekrate.com/public_html/crowtech/vendor/laravel/framework/src/Illuminate/Routing/Router.php(740): Illuminate\\Routing\\Router->runRoute()
#43 /home/u793119200/domains/cakekrate.com/public_html/crowtech/vendor/laravel/framework/src/Illuminate/Routing/Router.php(729): Illuminate\\Routing\\Router->dispatchToRoute()
#44 /home/u793119200/domains/cakekrate.com/public_html/crowtech/vendor/laravel/framework/src/Illuminate/Foundation/Http/Kernel.php(190): Illuminate\\Routing\\Router->dispatch()
#45 /home/u793119200/domains/cakekrate.com/public_html/crowtech/vendor/laravel/framework/src/Illuminate/Pipeline/Pipeline.php(141): Illuminate\\Foundation\\Http\\Kernel->Illuminate\\Foundation\\Http\\{closure}()
#46 /home/u793119200/domains/cakekrate.com/public_html/crowtech/vendor/barryvdh/laravel-debugbar/src/Middleware/InjectDebugbar.php(59): Illuminate\\Pipeline\\Pipeline->Illuminate\\Pipeline\\{closure}()
#47 /home/u793119200/domains/cakekrate.com/public_html/crowtech/vendor/laravel/framework/src/Illuminate/Pipeline/Pipeline.php(180): Barryvdh\\Debugbar\\Middleware\\InjectDebugbar->handle()
#48 /home/u793119200/domains/cakekrate.com/public_html/crowtech/vendor/froiden/envato/src/Middleware/XSS.php(38): Illuminate\\Pipeline\\Pipeline->Illuminate\\Pipeline\\{closure}()
#49 /home/u793119200/domains/cakekrate.com/public_html/crowtech/vendor/laravel/framework/src/Illuminate/Pipeline/Pipeline.php(180): Froiden\\Envato\\Middleware\\XSS->handle()
#50 /home/u793119200/domains/cakekrate.com/public_html/crowtech/vendor/laravel/framework/src/Illuminate/Foundation/Http/Middleware/TransformsRequest.php(21): Illuminate\\Pipeline\\Pipeline->Illuminate\\Pipeline\\{closure}()
#51 /home/u793119200/domains/cakekrate.com/public_html/crowtech/vendor/laravel/framework/src/Illuminate/Foundation/Http/Middleware/ConvertEmptyStringsToNull.php(31): Illuminate\\Foundation\\Http\\Middleware\\TransformsRequest->handle()
#52 /home/u793119200/domains/cakekrate.com/public_html/crowtech/vendor/laravel/framework/src/Illuminate/Pipeline/Pipeline.php(180): Illuminate\\Foundation\\Http\\Middleware\\ConvertEmptyStringsToNull->handle()
#53 /home/u793119200/domains/cakekrate.com/public_html/crowtech/vendor/laravel/framework/src/Illuminate/Foundation/Http/Middleware/TransformsRequest.php(21): Illuminate\\Pipeline\\Pipeline->Illuminate\\Pipeline\\{closure}()
#54 /home/u793119200/domains/cakekrate.com/public_html/crowtech/vendor/laravel/framework/src/Illuminate/Foundation/Http/Middleware/TrimStrings.php(40): Illuminate\\Foundation\\Http\\Middleware\\TransformsRequest->handle()
#55 /home/u793119200/domains/cakekrate.com/public_html/crowtech/vendor/laravel/framework/src/Illuminate/Pipeline/Pipeline.php(180): Illuminate\\Foundation\\Http\\Middleware\\TrimStrings->handle()
#56 /home/u793119200/domains/cakekrate.com/public_html/crowtech/vendor/laravel/framework/src/Illuminate/Foundation/Http/Middleware/ValidatePostSize.php(27): Illuminate\\Pipeline\\Pipeline->Illuminate\\Pipeline\\{closure}()
#57 /home/u793119200/domains/cakekrate.com/public_html/crowtech/vendor/laravel/framework/src/Illuminate/Pipeline/Pipeline.php(180): Illuminate\\Foundation\\Http\\Middleware\\ValidatePostSize->handle()
#58 /home/u793119200/domains/cakekrate.com/public_html/crowtech/vendor/laravel/framework/src/Illuminate/Foundation/Http/Middleware/PreventRequestsDuringMaintenance.php(86): Illuminate\\Pipeline\\Pipeline->Illuminate\\Pipeline\\{closure}()
#59 /home/u793119200/domains/cakekrate.com/public_html/crowtech/vendor/laravel/framework/src/Illuminate/Pipeline/Pipeline.php(180): Illuminate\\Foundation\\Http\\Middleware\\PreventRequestsDuringMaintenance->handle()
#60 /home/u793119200/domains/cakekrate.com/public_html/crowtech/vendor/fruitcake/laravel-cors/src/HandleCors.php(38): Illuminate\\Pipeline\\Pipeline->Illuminate\\Pipeline\\{closure}()
#61 /home/u793119200/domains/cakekrate.com/public_html/crowtech/vendor/laravel/framework/src/Illuminate/Pipeline/Pipeline.php(180): Fruitcake\\Cors\\HandleCors->handle()
#62 /home/u793119200/domains/cakekrate.com/public_html/crowtech/vendor/laravel/framework/src/Illuminate/Http/Middleware/TrustProxies.php(39): Illuminate\\Pipeline\\Pipeline->Illuminate\\Pipeline\\{closure}()
#63 /home/u793119200/domains/cakekrate.com/public_html/crowtech/vendor/laravel/framework/src/Illuminate/Pipeline/Pipeline.php(180): Illuminate\\Http\\Middleware\\TrustProxies->handle()
#64 /home/u793119200/domains/cakekrate.com/public_html/crowtech/vendor/laravel/framework/src/Illuminate/Pipeline/Pipeline.php(116): Illuminate\\Pipeline\\Pipeline->Illuminate\\Pipeline\\{closure}()
#65 /home/u793119200/domains/cakekrate.com/public_html/crowtech/vendor/laravel/framework/src/Illuminate/Foundation/Http/Kernel.php(165): Illuminate\\Pipeline\\Pipeline->then()
#66 /home/u793119200/domains/cakekrate.com/public_html/crowtech/vendor/laravel/framework/src/Illuminate/Foundation/Http/Kernel.php(134): Illuminate\\Foundation\\Http\\Kernel->sendRequestThroughRouter()
#67 /home/u793119200/domains/cakekrate.com/public_html/crowtech/public/index.php(64): Illuminate\\Foundation\\Http\\Kernel->handle()
#68 {main}
"} 
