[2023-03-21 09:40:41] codecanyon.ERROR: There are no commands defined in the "ide-helper" namespace. {"exception":"[object] (Symfony\\Component\\Console\\Exception\\NamespaceNotFoundException(code: 0): There are no commands defined in the \"ide-helper\" namespace. at /Users/paul/Downloads/_crowtech/vendor/symfony/console/Application.php:624)
[stacktrace]
#0 /Users/paul/Downloads/_crowtech/vendor/symfony/console/Application.php(675): Symfony\\Component\\Console\\Application->findNamespace('ide-helper')
#1 /Users/paul/Downloads/_crowtech/vendor/symfony/console/Application.php(259): Symfony\\Component\\Console\\Application->find('ide-helper:gene...')
#2 /Users/paul/Downloads/_crowtech/vendor/symfony/console/Application.php(171): Symfony\\Component\\Console\\Application->doRun(Object(Symfony\\Component\\Console\\Input\\ArgvInput), Object(Symfony\\Component\\Console\\Output\\ConsoleOutput))
#3 /Users/paul/Downloads/_crowtech/vendor/laravel/framework/src/Illuminate/Console/Application.php(102): Symfony\\Component\\Console\\Application->run(Object(Symfony\\Component\\Console\\Input\\ArgvInput), Object(Symfony\\Component\\Console\\Output\\ConsoleOutput))
#4 /Users/paul/Downloads/_crowtech/vendor/laravel/framework/src/Illuminate/Foundation/Console/Kernel.php(155): Illuminate\\Console\\Application->run(Object(Symfony\\Component\\Console\\Input\\ArgvInput), Object(Symfony\\Component\\Console\\Output\\ConsoleOutput))
#5 /Users/paul/Downloads/_crowtech/artisan(35): Illuminate\\Foundation\\Console\\Kernel->handle(Object(Symfony\\Component\\Console\\Input\\ArgvInput), Object(Symfony\\Component\\Console\\Output\\ConsoleOutput))
#6 {main}
"} 
[2023-03-21 09:48:08] codecanyon.ERROR: There are no commands defined in the "ide-helper" namespace. {"exception":"[object] (Symfony\\Component\\Console\\Exception\\NamespaceNotFoundException(code: 0): There are no commands defined in the \"ide-helper\" namespace. at /Users/paul/Downloads/_crowtech/vendor/symfony/console/Application.php:624)
[stacktrace]
#0 /Users/paul/Downloads/_crowtech/vendor/symfony/console/Application.php(675): Symfony\\Component\\Console\\Application->findNamespace('ide-helper')
#1 /Users/paul/Downloads/_crowtech/vendor/symfony/console/Application.php(259): Symfony\\Component\\Console\\Application->find('ide-helper:gene...')
#2 /Users/paul/Downloads/_crowtech/vendor/symfony/console/Application.php(171): Symfony\\Component\\Console\\Application->doRun(Object(Symfony\\Component\\Console\\Input\\ArgvInput), Object(Symfony\\Component\\Console\\Output\\ConsoleOutput))
#3 /Users/paul/Downloads/_crowtech/vendor/laravel/framework/src/Illuminate/Console/Application.php(102): Symfony\\Component\\Console\\Application->run(Object(Symfony\\Component\\Console\\Input\\ArgvInput), Object(Symfony\\Component\\Console\\Output\\ConsoleOutput))
#4 /Users/paul/Downloads/_crowtech/vendor/laravel/framework/src/Illuminate/Foundation/Console/Kernel.php(155): Illuminate\\Console\\Application->run(Object(Symfony\\Component\\Console\\Input\\ArgvInput), Object(Symfony\\Component\\Console\\Output\\ConsoleOutput))
#5 /Users/paul/Downloads/_crowtech/artisan(35): Illuminate\\Foundation\\Console\\Kernel->handle(Object(Symfony\\Component\\Console\\Input\\ArgvInput), Object(Symfony\\Component\\Console\\Output\\ConsoleOutput))
#6 {main}
"} 
